<?xml version="1.0" encoding="UTF-8"?><testsuite errors="0" failures="3" name="com.restapiexample.employeeinfo.EmployeeCurdTest" skipped="0" tests="4" time="21.79" timestamp="2022-06-06T23:02:37.873+01:00[Europe/London]"><testcase classname="com.restapiexample.employeeinfo.EmployeeCurdTest" name="creating  new employee record "/><testcase classname="com.restapiexample.employeeinfo.EmployeeCurdTest" name="getting single employee record "><failure message="1 expectation failed.&#10;Expected status code &lt;200&gt; but was &lt;429&gt;.&#10;" type="java.lang.AssertionError">1 expectation failed.
Expected status code &lt;200&gt; but was &lt;429&gt;.
</failure><system-err>1 expectation failed.
Expected status code &lt;200&gt; but was &lt;429&gt;.
&#13;
io.restassured.internal.ResponseSpecificationImpl.validateResponseIfRequired(ResponseSpecificationImpl.groovy:636)&#13;
io.restassured.internal.ResponseSpecificationImpl.statusCode(ResponseSpecificationImpl.groovy:122)&#13;
io.restassured.internal.ResponseSpecificationImpl.statusCode(ResponseSpecificationImpl.groovy:130)&#13;
io.restassured.internal.ValidatableResponseOptionsImpl.statusCode(ValidatableResponseOptionsImpl.java:117)&#13;
com.restapiexample.employeeinfo.EmployeeCurdTest.test002(EmployeeCurdTest.java:44)&#13;
</system-err></testcase><testcase classname="com.restapiexample.employeeinfo.EmployeeCurdTest" name="update employee record"><failure message="1 expectation failed.&#10;Expected status code &lt;200&gt; but was &lt;405&gt;.&#10;" type="java.lang.AssertionError">1 expectation failed.
Expected status code &lt;200&gt; but was &lt;405&gt;.
</failure><system-err>1 expectation failed.
Expected status code &lt;200&gt; but was &lt;405&gt;.
&#13;
io.restassured.internal.ResponseSpecificationImpl.validateResponseIfRequired(ResponseSpecificationImpl.groovy:636)&#13;
io.restassured.internal.ResponseSpecificationImpl.statusCode(ResponseSpecificationImpl.groovy:122)&#13;
io.restassured.internal.ResponseSpecificationImpl.statusCode(ResponseSpecificationImpl.groovy:130)&#13;
io.restassured.internal.ValidatableResponseOptionsImpl.statusCode(ValidatableResponseOptionsImpl.java:117)&#13;
com.restapiexample.employeeinfo.EmployeeCurdTest.test003(EmployeeCurdTest.java:52)&#13;
</system-err></testcase><testcase classname="com.restapiexample.employeeinfo.EmployeeCurdTest" name="delete employee record"><failure message="1 expectation failed.&#10;Expected status code &lt;200&gt; but was &lt;405&gt;.&#10;" type="java.lang.AssertionError">1 expectation failed.
Expected status code &lt;200&gt; but was &lt;405&gt;.
</failure><system-err>1 expectation failed.
Expected status code &lt;200&gt; but was &lt;405&gt;.
&#13;
io.restassured.internal.ResponseSpecificationImpl.validateResponseIfRequired(ResponseSpecificationImpl.groovy:636)&#13;
io.restassured.internal.ResponseSpecificationImpl.statusCode(ResponseSpecificationImpl.groovy:122)&#13;
io.restassured.internal.ResponseSpecificationImpl.statusCode(ResponseSpecificationImpl.groovy:130)&#13;
io.restassured.internal.ValidatableResponseOptionsImpl.statusCode(ValidatableResponseOptionsImpl.java:117)&#13;
com.restapiexample.employeeinfo.EmployeeCurdTest.test004(EmployeeCurdTest.java:59)&#13;
</system-err></testcase></testsuite>